Started GET "/" for ::1 at 2019-04-29 21:04:51 -0400
Processing by Rails::WelcomeController#index as HTML
  Rendering C:/Ruby25-x64/lib/ruby/gems/2.5.0/gems/railties-5.2.3/lib/rails/templates/rails/welcome/index.html.erb
  Rendered C:/Ruby25-x64/lib/ruby/gems/2.5.0/gems/railties-5.2.3/lib/rails/templates/rails/welcome/index.html.erb (3.4ms)
Completed 200 OK in 65ms (Views: 35.9ms | ActiveRecord: 0.0ms)


  [1m[35m (0.1ms)[0m  [1m[34mSELECT sqlite_version(*)[0m
  ↳ C:/Ruby25-x64/bin/rake:23
  [1m[35m (12.7ms)[0m  [1m[35mCREATE TABLE "schema_migrations" ("version" varchar NOT NULL PRIMARY KEY)[0m
  ↳ C:/Ruby25-x64/bin/rake:23
  [1m[35m (11.5ms)[0m  [1m[35mCREATE TABLE "ar_internal_metadata" ("key" varchar NOT NULL PRIMARY KEY, "value" varchar, "created_at" datetime NOT NULL, "updated_at" datetime NOT NULL)[0m
  ↳ C:/Ruby25-x64/bin/rake:23
  [1m[35m (0.2ms)[0m  [1m[34mSELECT "schema_migrations"."version" FROM "schema_migrations" ORDER BY "schema_migrations"."version" ASC[0m
  ↳ C:/Ruby25-x64/bin/rake:23
Migrating to CreatePosts (20190430031930)
  [1m[35m (0.1ms)[0m  [1m[36mbegin transaction[0m
  ↳ C:/Ruby25-x64/bin/rake:23
  [1m[35m (1.5ms)[0m  [1m[35mCREATE TABLE "posts" ("id" integer PRIMARY KEY AUTOINCREMENT NOT NULL, "title" varchar, "content" text, "created_at" datetime NOT NULL, "updated_at" datetime NOT NULL)[0m
  ↳ db/migrate/20190430031930_create_posts.rb:3
  [1m[36mActiveRecord::SchemaMigration Create (0.3ms)[0m  [1m[32mINSERT INTO "schema_migrations" ("version") VALUES (?)[0m  [["version", "20190430031930"]]
  ↳ C:/Ruby25-x64/bin/rake:23
  [1m[35m (6.2ms)[0m  [1m[36mcommit transaction[0m
  ↳ C:/Ruby25-x64/bin/rake:23
  [1m[36mActiveRecord::InternalMetadata Load (0.3ms)[0m  [1m[34mSELECT  "ar_internal_metadata".* FROM "ar_internal_metadata" WHERE "ar_internal_metadata"."key" = ? LIMIT ?[0m  [["key", "environment"], ["LIMIT", 1]]
  ↳ C:/Ruby25-x64/bin/rake:23
  [1m[35m (0.1ms)[0m  [1m[36mbegin transaction[0m
  ↳ C:/Ruby25-x64/bin/rake:23
  [1m[36mActiveRecord::InternalMetadata Create (1.5ms)[0m  [1m[32mINSERT INTO "ar_internal_metadata" ("key", "value", "created_at", "updated_at") VALUES (?, ?, ?, ?)[0m  [["key", "environment"], ["value", "development"], ["created_at", "2019-04-30 03:21:08.338531"], ["updated_at", "2019-04-30 03:21:08.338531"]]
  ↳ C:/Ruby25-x64/bin/rake:23
  [1m[35m (8.1ms)[0m  [1m[36mcommit transaction[0m
  ↳ C:/Ruby25-x64/bin/rake:23
  [1m[35m (0.2ms)[0m  [1m[34mSELECT "schema_migrations"."version" FROM "schema_migrations" ORDER BY "schema_migrations"."version" ASC[0m
  ↳ C:/Ruby25-x64/bin/rake:23
Started GET "/" for ::1 at 2019-04-29 23:24:56 -0400
  [1m[35m (0.3ms)[0m  [1m[34mSELECT "schema_migrations"."version" FROM "schema_migrations" ORDER BY "schema_migrations"."version" ASC[0m
  ↳ C:/Ruby25-x64/lib/ruby/gems/2.5.0/gems/activerecord-5.2.3/lib/active_record/log_subscriber.rb:98
Processing by PostsController#index as HTML
Completed 406 Not Acceptable in 1087ms (ActiveRecord: 0.0ms)


  
ActionController::UnknownFormat (PostsController#index is missing a template for this request format and variant.

request.formats: ["text/html"]
request.variant: []

NOTE! For XHR/Ajax or API requests, this action would normally respond with 204 No Content: an empty white screen. Since you're loading it in a web browser, we assume that you expected to actually render a template, not nothing, so we're showing an error to be extra-clear. If you expect 204 No Content, carry on. That's what you'll get from an XHR or API request. Give it a shot.):
  
actionpack (5.2.3) lib/action_controller/metal/implicit_render.rb:55:in `default_render'
actionpack (5.2.3) lib/action_controller/metal/basic_implicit_render.rb:6:in `block in send_action'
actionpack (5.2.3) lib/action_controller/metal/basic_implicit_render.rb:6:in `tap'
actionpack (5.2.3) lib/action_controller/metal/basic_implicit_render.rb:6:in `send_action'
actionpack (5.2.3) lib/abstract_controller/base.rb:194:in `process_action'
actionpack (5.2.3) lib/action_controller/metal/rendering.rb:30:in `process_action'
actionpack (5.2.3) lib/abstract_controller/callbacks.rb:42:in `block in process_action'
activesupport (5.2.3) lib/active_support/callbacks.rb:132:in `run_callbacks'
actionpack (5.2.3) lib/abstract_controller/callbacks.rb:41:in `process_action'
actionpack (5.2.3) lib/action_controller/metal/rescue.rb:22:in `process_action'
actionpack (5.2.3) lib/action_controller/metal/instrumentation.rb:34:in `block in process_action'
activesupport (5.2.3) lib/active_support/notifications.rb:168:in `block in instrument'
activesupport (5.2.3) lib/active_support/notifications/instrumenter.rb:23:in `instrument'
activesupport (5.2.3) lib/active_support/notifications.rb:168:in `instrument'
actionpack (5.2.3) lib/action_controller/metal/instrumentation.rb:32:in `process_action'
actionpack (5.2.3) lib/action_controller/metal/params_wrapper.rb:256:in `process_action'
activerecord (5.2.3) lib/active_record/railties/controller_runtime.rb:24:in `process_action'
actionpack (5.2.3) lib/abstract_controller/base.rb:134:in `process'
actionview (5.2.3) lib/action_view/rendering.rb:32:in `process'
actionpack (5.2.3) lib/action_controller/metal.rb:191:in `dispatch'
actionpack (5.2.3) lib/action_controller/metal.rb:252:in `dispatch'
actionpack (5.2.3) lib/action_dispatch/routing/route_set.rb:52:in `dispatch'
actionpack (5.2.3) lib/action_dispatch/routing/route_set.rb:34:in `serve'
actionpack (5.2.3) lib/action_dispatch/journey/router.rb:52:in `block in serve'
actionpack (5.2.3) lib/action_dispatch/journey/router.rb:35:in `each'
actionpack (5.2.3) lib/action_dispatch/journey/router.rb:35:in `serve'
actionpack (5.2.3) lib/action_dispatch/routing/route_set.rb:840:in `call'
rack (2.0.7) lib/rack/tempfile_reaper.rb:15:in `call'
rack (2.0.7) lib/rack/etag.rb:25:in `call'
rack (2.0.7) lib/rack/conditional_get.rb:25:in `call'
rack (2.0.7) lib/rack/head.rb:12:in `call'
actionpack (5.2.3) lib/action_dispatch/http/content_security_policy.rb:18:in `call'
rack (2.0.7) lib/rack/session/abstract/id.rb:232:in `context'
rack (2.0.7) lib/rack/session/abstract/id.rb:226:in `call'
actionpack (5.2.3) lib/action_dispatch/middleware/cookies.rb:670:in `call'
activerecord (5.2.3) lib/active_record/migration.rb:559:in `call'
actionpack (5.2.3) lib/action_dispatch/middleware/callbacks.rb:28:in `block in call'
activesupport (5.2.3) lib/active_support/callbacks.rb:98:in `run_callbacks'
actionpack (5.2.3) lib/action_dispatch/middleware/callbacks.rb:26:in `call'
actionpack (5.2.3) lib/action_dispatch/middleware/executor.rb:14:in `call'
actionpack (5.2.3) lib/action_dispatch/middleware/debug_exceptions.rb:61:in `call'
web-console (3.7.0) lib/web_console/middleware.rb:135:in `call_app'
web-console (3.7.0) lib/web_console/middleware.rb:30:in `block in call'
web-console (3.7.0) lib/web_console/middleware.rb:20:in `catch'
web-console (3.7.0) lib/web_console/middleware.rb:20:in `call'
actionpack (5.2.3) lib/action_dispatch/middleware/show_exceptions.rb:33:in `call'
railties (5.2.3) lib/rails/rack/logger.rb:38:in `call_app'
railties (5.2.3) lib/rails/rack/logger.rb:26:in `block in call'
activesupport (5.2.3) lib/active_support/tagged_logging.rb:71:in `block in tagged'
activesupport (5.2.3) lib/active_support/tagged_logging.rb:28:in `tagged'
activesupport (5.2.3) lib/active_support/tagged_logging.rb:71:in `tagged'
railties (5.2.3) lib/rails/rack/logger.rb:26:in `call'
sprockets-rails (3.2.1) lib/sprockets/rails/quiet_assets.rb:13:in `call'
actionpack (5.2.3) lib/action_dispatch/middleware/remote_ip.rb:81:in `call'
actionpack (5.2.3) lib/action_dispatch/middleware/request_id.rb:27:in `call'
rack (2.0.7) lib/rack/method_override.rb:22:in `call'
rack (2.0.7) lib/rack/runtime.rb:22:in `call'
activesupport (5.2.3) lib/active_support/cache/strategy/local_cache_middleware.rb:29:in `call'
actionpack (5.2.3) lib/action_dispatch/middleware/executor.rb:14:in `call'
actionpack (5.2.3) lib/action_dispatch/middleware/static.rb:127:in `call'
rack (2.0.7) lib/rack/sendfile.rb:111:in `call'
railties (5.2.3) lib/rails/engine.rb:524:in `call'
puma (3.12.1) lib/puma/configuration.rb:227:in `call'
puma (3.12.1) lib/puma/server.rb:660:in `handle_request'
puma (3.12.1) lib/puma/server.rb:474:in `process_client'
puma (3.12.1) lib/puma/server.rb:334:in `block in run'
puma (3.12.1) lib/puma/thread_pool.rb:135:in `block in spawn_thread'
Started GET "/" for ::1 at 2019-04-29 23:27:03 -0400
  [1m[35m (0.3ms)[0m  [1m[34mSELECT "schema_migrations"."version" FROM "schema_migrations" ORDER BY "schema_migrations"."version" ASC[0m
  ↳ C:/Ruby25-x64/lib/ruby/gems/2.5.0/gems/activerecord-5.2.3/lib/active_record/log_subscriber.rb:98
Processing by PostsController#index as HTML
  Rendering posts/index.html.erb within layouts/application
  Rendered posts/index.html.erb within layouts/application (2.2ms)
Completed 200 OK in 966ms (Views: 949.5ms | ActiveRecord: 0.0ms)


Started GET "/" for ::1 at 2019-04-29 23:57:08 -0400
Processing by PostsController#index as HTML
Completed 406 Not Acceptable in 1214ms (ActiveRecord: 0.0ms)


  
ActionController::UnknownFormat (PostsController#index is missing a template for this request format and variant.

request.formats: ["text/html"]
request.variant: []

NOTE! For XHR/Ajax or API requests, this action would normally respond with 204 No Content: an empty white screen. Since you're loading it in a web browser, we assume that you expected to actually render a template, not nothing, so we're showing an error to be extra-clear. If you expect 204 No Content, carry on. That's what you'll get from an XHR or API request. Give it a shot.):
  
actionpack (5.2.3) lib/action_controller/metal/implicit_render.rb:55:in `default_render'
actionpack (5.2.3) lib/action_controller/metal/basic_implicit_render.rb:6:in `block in send_action'
actionpack (5.2.3) lib/action_controller/metal/basic_implicit_render.rb:6:in `tap'
actionpack (5.2.3) lib/action_controller/metal/basic_implicit_render.rb:6:in `send_action'
actionpack (5.2.3) lib/abstract_controller/base.rb:194:in `process_action'
actionpack (5.2.3) lib/action_controller/metal/rendering.rb:30:in `process_action'
actionpack (5.2.3) lib/abstract_controller/callbacks.rb:42:in `block in process_action'
activesupport (5.2.3) lib/active_support/callbacks.rb:132:in `run_callbacks'
actionpack (5.2.3) lib/abstract_controller/callbacks.rb:41:in `process_action'
actionpack (5.2.3) lib/action_controller/metal/rescue.rb:22:in `process_action'
actionpack (5.2.3) lib/action_controller/metal/instrumentation.rb:34:in `block in process_action'
activesupport (5.2.3) lib/active_support/notifications.rb:168:in `block in instrument'
activesupport (5.2.3) lib/active_support/notifications/instrumenter.rb:23:in `instrument'
activesupport (5.2.3) lib/active_support/notifications.rb:168:in `instrument'
actionpack (5.2.3) lib/action_controller/metal/instrumentation.rb:32:in `process_action'
actionpack (5.2.3) lib/action_controller/metal/params_wrapper.rb:256:in `process_action'
activerecord (5.2.3) lib/active_record/railties/controller_runtime.rb:24:in `process_action'
actionpack (5.2.3) lib/abstract_controller/base.rb:134:in `process'
actionview (5.2.3) lib/action_view/rendering.rb:32:in `process'
actionpack (5.2.3) lib/action_controller/metal.rb:191:in `dispatch'
actionpack (5.2.3) lib/action_controller/metal.rb:252:in `dispatch'
actionpack (5.2.3) lib/action_dispatch/routing/route_set.rb:52:in `dispatch'
actionpack (5.2.3) lib/action_dispatch/routing/route_set.rb:34:in `serve'
actionpack (5.2.3) lib/action_dispatch/journey/router.rb:52:in `block in serve'
actionpack (5.2.3) lib/action_dispatch/journey/router.rb:35:in `each'
actionpack (5.2.3) lib/action_dispatch/journey/router.rb:35:in `serve'
actionpack (5.2.3) lib/action_dispatch/routing/route_set.rb:840:in `call'
rack (2.0.7) lib/rack/tempfile_reaper.rb:15:in `call'
rack (2.0.7) lib/rack/etag.rb:25:in `call'
rack (2.0.7) lib/rack/conditional_get.rb:25:in `call'
rack (2.0.7) lib/rack/head.rb:12:in `call'
actionpack (5.2.3) lib/action_dispatch/http/content_security_policy.rb:18:in `call'
rack (2.0.7) lib/rack/session/abstract/id.rb:232:in `context'
rack (2.0.7) lib/rack/session/abstract/id.rb:226:in `call'
actionpack (5.2.3) lib/action_dispatch/middleware/cookies.rb:670:in `call'
activerecord (5.2.3) lib/active_record/migration.rb:559:in `call'
actionpack (5.2.3) lib/action_dispatch/middleware/callbacks.rb:28:in `block in call'
activesupport (5.2.3) lib/active_support/callbacks.rb:98:in `run_callbacks'
actionpack (5.2.3) lib/action_dispatch/middleware/callbacks.rb:26:in `call'
actionpack (5.2.3) lib/action_dispatch/middleware/executor.rb:14:in `call'
actionpack (5.2.3) lib/action_dispatch/middleware/debug_exceptions.rb:61:in `call'
web-console (3.7.0) lib/web_console/middleware.rb:135:in `call_app'
web-console (3.7.0) lib/web_console/middleware.rb:30:in `block in call'
web-console (3.7.0) lib/web_console/middleware.rb:20:in `catch'
web-console (3.7.0) lib/web_console/middleware.rb:20:in `call'
actionpack (5.2.3) lib/action_dispatch/middleware/show_exceptions.rb:33:in `call'
railties (5.2.3) lib/rails/rack/logger.rb:38:in `call_app'
railties (5.2.3) lib/rails/rack/logger.rb:26:in `block in call'
activesupport (5.2.3) lib/active_support/tagged_logging.rb:71:in `block in tagged'
activesupport (5.2.3) lib/active_support/tagged_logging.rb:28:in `tagged'
activesupport (5.2.3) lib/active_support/tagged_logging.rb:71:in `tagged'
railties (5.2.3) lib/rails/rack/logger.rb:26:in `call'
sprockets-rails (3.2.1) lib/sprockets/rails/quiet_assets.rb:13:in `call'
actionpack (5.2.3) lib/action_dispatch/middleware/remote_ip.rb:81:in `call'
actionpack (5.2.3) lib/action_dispatch/middleware/request_id.rb:27:in `call'
rack (2.0.7) lib/rack/method_override.rb:22:in `call'
rack (2.0.7) lib/rack/runtime.rb:22:in `call'
activesupport (5.2.3) lib/active_support/cache/strategy/local_cache_middleware.rb:29:in `call'
actionpack (5.2.3) lib/action_dispatch/middleware/executor.rb:14:in `call'
actionpack (5.2.3) lib/action_dispatch/middleware/static.rb:127:in `call'
rack (2.0.7) lib/rack/sendfile.rb:111:in `call'
railties (5.2.3) lib/rails/engine.rb:524:in `call'
puma (3.12.1) lib/puma/configuration.rb:227:in `call'
puma (3.12.1) lib/puma/server.rb:660:in `handle_request'
puma (3.12.1) lib/puma/server.rb:474:in `process_client'
puma (3.12.1) lib/puma/server.rb:334:in `block in run'
puma (3.12.1) lib/puma/thread_pool.rb:135:in `block in spawn_thread'
Started GET "/" for ::1 at 2019-04-29 23:57:33 -0400
  [1m[35m (0.3ms)[0m  [1m[34mSELECT "schema_migrations"."version" FROM "schema_migrations" ORDER BY "schema_migrations"."version" ASC[0m
  ↳ C:/Ruby25-x64/lib/ruby/gems/2.5.0/gems/activerecord-5.2.3/lib/active_record/log_subscriber.rb:98
Processing by PostsController#index as HTML
  Rendering posts/index.html.haml within layouts/application
  Rendered posts/index.html.haml within layouts/application (13.9ms)
Completed 200 OK in 363ms (Views: 345.1ms | ActiveRecord: 0.0ms)


Started GET "/" for ::1 at 2019-04-30 21:57:16 -0400
  [1m[35m (0.3ms)[0m  [1m[34mSELECT "schema_migrations"."version" FROM "schema_migrations" ORDER BY "schema_migrations"."version" ASC[0m
  ↳ C:/Ruby25-x64/lib/ruby/gems/2.5.0/gems/activerecord-5.2.3/lib/active_record/log_subscriber.rb:98
Processing by PostsController#index as HTML
  Rendering posts/index.html.haml within layouts/application
  Rendered posts/index.html.haml within layouts/application (20.1ms)
Completed 500 Internal Server Error in 557ms (ActiveRecord: 0.0ms)


  
ActionView::Template::Error (undefined not callable):
     5:     <%= csrf_meta_tags %>
     6:     <%= csp_meta_tag %>
     7: 
     8:     <%= stylesheet_link_tag    'application', media: 'all', 'data-turbolinks-track': 'reload' %>
     9:     <%= javascript_include_tag 'application', 'data-turbolinks-track': 'reload' %>
    10:   </head>
    11: 
  
(execjs):1
app/views/layouts/application.html.erb:8:in `_app_views_layouts_application_html_erb__976231383_54027480'
Started GET "/" for ::1 at 2019-04-30 22:00:20 -0400
  [1m[35m (0.2ms)[0m  [1m[34mSELECT "schema_migrations"."version" FROM "schema_migrations" ORDER BY "schema_migrations"."version" ASC[0m
  ↳ C:/Ruby25-x64/lib/ruby/gems/2.5.0/gems/activerecord-5.2.3/lib/active_record/log_subscriber.rb:98
Processing by PostsController#index as HTML
  Rendering posts/index.html.haml within layouts/application
  Rendered posts/index.html.haml within layouts/application (12.4ms)
Completed 500 Internal Server Error in 498ms (ActiveRecord: 0.0ms)


  
ActionView::Template::Error (undefined not callable):
     5:     <%= csrf_meta_tags %>
     6:     <%= csp_meta_tag %>
     7: 
     8:     <%= stylesheet_link_tag    'application', media: 'all', 'data-turbolinks-track': 'reload' %>
     9:     <%= javascript_include_tag 'application', 'data-turbolinks-track': 'reload' %>
    10:   </head>
    11: 
  
(execjs):1
app/views/layouts/application.html.erb:8:in `_app_views_layouts_application_html_erb__18069805_54255220'
Started GET "/" for ::1 at 2019-04-30 22:03:28 -0400
  [1m[35m (0.2ms)[0m  [1m[34mSELECT "schema_migrations"."version" FROM "schema_migrations" ORDER BY "schema_migrations"."version" ASC[0m
  ↳ C:/Ruby25-x64/lib/ruby/gems/2.5.0/gems/activerecord-5.2.3/lib/active_record/log_subscriber.rb:98
Processing by PostsController#index as HTML
  Rendering posts/index.html.haml within layouts/application
  Rendered posts/index.html.haml within layouts/application (10.7ms)
Completed 500 Internal Server Error in 441ms (ActiveRecord: 0.0ms)


  
ActionView::Template::Error (JScript runtime does’t support ES6. Please update or replace your current ExecJS runtime.):
     5:     <%= csrf_meta_tags %>
     6:     <%= csp_meta_tag %>
     7: 
     8:     <%= stylesheet_link_tag    'application', media: 'all', 'data-turbolinks-track': 'reload' %>
     9:     <%= javascript_include_tag 'application', 'data-turbolinks-track': 'reload' %>
    10:   </head>
    11: 
  
app/views/layouts/application.html.erb:8:in `_app_views_layouts_application_html_erb__838960798_67961100'
Started GET "/" for ::1 at 2019-04-30 22:11:11 -0400
  [1m[35m (0.2ms)[0m  [1m[34mSELECT "schema_migrations"."version" FROM "schema_migrations" ORDER BY "schema_migrations"."version" ASC[0m
  ↳ C:/Ruby25-x64/lib/ruby/gems/2.5.0/gems/activerecord-5.2.3/lib/active_record/log_subscriber.rb:98
Processing by PostsController#index as HTML
  Rendering posts/index.html.haml within layouts/application
  Rendered posts/index.html.haml within layouts/application (11.5ms)
Completed 500 Internal Server Error in 408ms (ActiveRecord: 0.0ms)


  
ActionView::Template::Error (JScript runtime does’t support ES6. Please update or replace your current ExecJS runtime.):
     5:     <%= csrf_meta_tags %>
     6:     <%= csp_meta_tag %>
     7: 
     8:     <%= stylesheet_link_tag    'application', media: 'all', 'data-turbolinks-track': 'reload' %>
     9:     <%= javascript_include_tag 'application', 'data-turbolinks-track': 'reload' %>
    10:   </head>
    11: 
  
app/views/layouts/application.html.erb:8:in `_app_views_layouts_application_html_erb__220551908_53986660'
Started GET "/" for ::1 at 2019-04-30 22:39:32 -0400
  [1m[35m (0.2ms)[0m  [1m[34mSELECT "schema_migrations"."version" FROM "schema_migrations" ORDER BY "schema_migrations"."version" ASC[0m
  ↳ C:/Ruby25-x64/lib/ruby/gems/2.5.0/gems/activerecord-5.2.3/lib/active_record/log_subscriber.rb:98
Processing by PostsController#index as HTML
  Rendering posts/index.html.haml within layouts/application
  Rendered posts/index.html.haml within layouts/application (11.9ms)
Completed 500 Internal Server Error in 396ms (ActiveRecord: 0.0ms)


  
ActionView::Template::Error (JScript runtime does’t support ES6. Please update or replace your current ExecJS runtime.):
     5:     <%= csrf_meta_tags %>
     6:     <%= csp_meta_tag %>
     7: 
     8:     <%= stylesheet_link_tag    'application', media: 'all', 'data-turbolinks-track': 'reload' %>
     9:     <%= javascript_include_tag 'application', 'data-turbolinks-track': 'reload' %>
    10:   </head>
    11: 
  
app/views/layouts/application.html.erb:8:in `_app_views_layouts_application_html_erb__468197359_54589200'
Started GET "/" for ::1 at 2019-04-30 22:59:07 -0400
  [1m[35m (0.3ms)[0m  [1m[34mSELECT "schema_migrations"."version" FROM "schema_migrations" ORDER BY "schema_migrations"."version" ASC[0m
  ↳ C:/Ruby25-x64/lib/ruby/gems/2.5.0/gems/activerecord-5.2.3/lib/active_record/log_subscriber.rb:98
Processing by PostsController#index as HTML
  Rendering posts/index.html.haml within layouts/application
  Rendered posts/index.html.haml within layouts/application (11.9ms)
Completed 500 Internal Server Error in 420ms (ActiveRecord: 0.0ms)


  
ActionView::Template::Error (JScript runtime does’t support ES6. Please update or replace your current ExecJS runtime.):
     5:     <%= csrf_meta_tags %>
     6:     <%= csp_meta_tag %>
     7: 
     8:     <%= stylesheet_link_tag    'application', media: 'all', 'data-turbolinks-track': 'reload' %>
     9:     <%= javascript_include_tag 'application', 'data-turbolinks-track': 'reload' %>
    10:   </head>
    11: 
  
app/views/layouts/application.html.erb:8:in `_app_views_layouts_application_html_erb__319416612_67656400'
Started GET "/" for ::1 at 2019-05-01 01:29:16 -0400
  [1m[35m (0.3ms)[0m  [1m[34mSELECT "schema_migrations"."version" FROM "schema_migrations" ORDER BY "schema_migrations"."version" ASC[0m
  ↳ C:/Ruby25-x64/lib/ruby/gems/2.5.0/gems/activerecord-5.2.3/lib/active_record/log_subscriber.rb:98
Processing by PostsController#index as HTML
  Rendering posts/index.html.haml within layouts/application
  Rendered posts/index.html.haml within layouts/application (10.9ms)
Completed 500 Internal Server Error in 2817ms (ActiveRecord: 0.0ms)


  
LoadError (cannot load such file -- coffee_script):
  
app/views/layouts/application.html.erb:8:in `_app_views_layouts_application_html_erb__416486587_54609240'
Started GET "/" for ::1 at 2019-05-01 01:32:37 -0400
  [1m[35m (0.3ms)[0m  [1m[34mSELECT "schema_migrations"."version" FROM "schema_migrations" ORDER BY "schema_migrations"."version" ASC[0m
  ↳ C:/Ruby25-x64/lib/ruby/gems/2.5.0/gems/activerecord-5.2.3/lib/active_record/log_subscriber.rb:98
Processing by PostsController#index as HTML
  Rendering posts/index.html.haml within layouts/application
  Rendered posts/index.html.haml within layouts/application (11.0ms)
Completed 200 OK in 3024ms (Views: 3007.2ms | ActiveRecord: 0.0ms)


Started GET "/" for ::1 at 2019-05-01 22:46:26 -0400
  [1m[35m (0.3ms)[0m  [1m[34mSELECT "schema_migrations"."version" FROM "schema_migrations" ORDER BY "schema_migrations"."version" ASC[0m
  ↳ C:/Ruby25-x64/lib/ruby/gems/2.5.0/gems/activerecord-5.2.3/lib/active_record/log_subscriber.rb:98
Processing by PostsController#index as HTML
  Rendering posts/index.html.haml within layouts/application
  Rendered posts/index.html.haml within layouts/application (20.1ms)
Completed 200 OK in 596ms (Views: 571.9ms | ActiveRecord: 0.0ms)


Started GET "/" for ::1 at 2019-05-01 22:46:49 -0400
Processing by PostsController#index as HTML
  Rendering posts/index.html.haml within layouts/application
  Rendered posts/index.html.haml within layouts/application (1.7ms)
Completed 200 OK in 111ms (Views: 96.7ms | ActiveRecord: 0.0ms)


Started GET "/" for ::1 at 2019-05-01 22:48:22 -0400
Processing by PostsController#index as HTML
  Rendering posts/index.html.haml within layouts/application
  Rendered posts/index.html.haml within layouts/application (2.6ms)
Completed 200 OK in 141ms (Views: 126.8ms | ActiveRecord: 0.0ms)


Started GET "/" for ::1 at 2019-05-01 22:48:24 -0400
Processing by PostsController#index as HTML
  Rendering posts/index.html.haml within layouts/application
  Rendered posts/index.html.haml within layouts/application (3.1ms)
Completed 200 OK in 150ms (Views: 132.7ms | ActiveRecord: 0.0ms)


Started GET "/posts/new" for ::1 at 2019-05-01 22:50:06 -0400
  [1m[35m (0.2ms)[0m  [1m[34mSELECT "schema_migrations"."version" FROM "schema_migrations" ORDER BY "schema_migrations"."version" ASC[0m
  ↳ C:/Ruby25-x64/lib/ruby/gems/2.5.0/gems/activerecord-5.2.3/lib/active_record/log_subscriber.rb:98
Processing by PostsController#new as HTML
  Rendering posts/new.html.haml within layouts/application
  Rendered posts/_form.html.haml (344.0ms)
  Rendered posts/new.html.haml within layouts/application (371.2ms)
Completed 200 OK in 736ms (Views: 701.6ms | ActiveRecord: 0.9ms)


Started GET "/posts/new" for ::1 at 2019-05-01 23:43:33 -0400
  [1m[35m (0.3ms)[0m  [1m[34mSELECT "schema_migrations"."version" FROM "schema_migrations" ORDER BY "schema_migrations"."version" ASC[0m
  ↳ C:/Ruby25-x64/lib/ruby/gems/2.5.0/gems/activerecord-5.2.3/lib/active_record/log_subscriber.rb:98
  
ActionController::RoutingError (undefined method `save' for nil:NilClass):
  
app/controllers/posts_controller.rb:14:in `<class:PostsController>'
app/controllers/posts_controller.rb:1:in `<top (required)>'
Started GET "/posts/new" for ::1 at 2019-05-01 23:44:27 -0400
Processing by PostsController#new as HTML
  Rendering posts/new.html.haml within layouts/application
  Rendered posts/_form.html.haml (120.6ms)
  Rendered posts/new.html.haml within layouts/application (146.3ms)
Completed 200 OK in 541ms (Views: 516.5ms | ActiveRecord: 0.9ms)


Started GET "/posts/new" for ::1 at 2019-05-01 23:58:57 -0400
Processing by PostsController#new as HTML
  Rendering posts/new.html.haml within layouts/application
  Rendered posts/_form.html.haml (7.6ms)
  Rendered posts/new.html.haml within layouts/application (27.3ms)
Completed 200 OK in 181ms (Views: 153.8ms | ActiveRecord: 1.0ms)


Started POST "/posts" for ::1 at 2019-05-01 23:59:03 -0400
Processing by PostsController#create as HTML
  Parameters: {"utf8"=>"✓", "authenticity_token"=>"01FeaQzkCd4KLNCPophNUFDfM8u1enNMnSXwsA0i/yDATFZ7eyNRRMOj3fuFSnzVjkdH/925Rdhk89iQJKpysA==", "post"=>{"title"=>"yo", "content"=>"yo\r\n"}, "commit"=>"Create Post"}
  [1m[35m (0.1ms)[0m  [1m[36mbegin transaction[0m
  ↳ app/controllers/posts_controller.rb:9
  [1m[36mPost Create (1.4ms)[0m  [1m[32mINSERT INTO "posts" ("title", "content", "created_at", "updated_at") VALUES (?, ?, ?, ?)[0m  [["title", "yo"], ["content", "yo\r\n"], ["created_at", "2019-05-02 03:59:03.360844"], ["updated_at", "2019-05-02 03:59:03.360844"]]
  ↳ app/controllers/posts_controller.rb:9
  [1m[35m (8.3ms)[0m  [1m[36mcommit transaction[0m
  ↳ app/controllers/posts_controller.rb:9
Redirected to http://localhost:3000/posts/1
Completed 302 Found in 15ms (ActiveRecord: 9.7ms)


Started GET "/posts/1" for ::1 at 2019-05-01 23:59:03 -0400
  
AbstractController::ActionNotFound (The action 'show' could not be found for PostsController):
  
actionpack (5.2.3) lib/abstract_controller/base.rb:129:in `process'
actionview (5.2.3) lib/action_view/rendering.rb:32:in `process'
actionpack (5.2.3) lib/action_controller/metal.rb:191:in `dispatch'
actionpack (5.2.3) lib/action_controller/metal.rb:252:in `dispatch'
actionpack (5.2.3) lib/action_dispatch/routing/route_set.rb:52:in `dispatch'
actionpack (5.2.3) lib/action_dispatch/routing/route_set.rb:34:in `serve'
actionpack (5.2.3) lib/action_dispatch/journey/router.rb:52:in `block in serve'
actionpack (5.2.3) lib/action_dispatch/journey/router.rb:35:in `each'
actionpack (5.2.3) lib/action_dispatch/journey/router.rb:35:in `serve'
actionpack (5.2.3) lib/action_dispatch/routing/route_set.rb:840:in `call'
warden (1.2.8) lib/warden/manager.rb:36:in `block in call'
warden (1.2.8) lib/warden/manager.rb:34:in `catch'
warden (1.2.8) lib/warden/manager.rb:34:in `call'
rack (2.0.7) lib/rack/tempfile_reaper.rb:15:in `call'
rack (2.0.7) lib/rack/etag.rb:25:in `call'
rack (2.0.7) lib/rack/conditional_get.rb:25:in `call'
rack (2.0.7) lib/rack/head.rb:12:in `call'
actionpack (5.2.3) lib/action_dispatch/http/content_security_policy.rb:18:in `call'
rack (2.0.7) lib/rack/session/abstract/id.rb:232:in `context'
rack (2.0.7) lib/rack/session/abstract/id.rb:226:in `call'
actionpack (5.2.3) lib/action_dispatch/middleware/cookies.rb:670:in `call'
activerecord (5.2.3) lib/active_record/migration.rb:559:in `call'
actionpack (5.2.3) lib/action_dispatch/middleware/callbacks.rb:28:in `block in call'
activesupport (5.2.3) lib/active_support/callbacks.rb:98:in `run_callbacks'
actionpack (5.2.3) lib/action_dispatch/middleware/callbacks.rb:26:in `call'
actionpack (5.2.3) lib/action_dispatch/middleware/executor.rb:14:in `call'
actionpack (5.2.3) lib/action_dispatch/middleware/debug_exceptions.rb:61:in `call'
web-console (3.7.0) lib/web_console/middleware.rb:135:in `call_app'
web-console (3.7.0) lib/web_console/middleware.rb:30:in `block in call'
web-console (3.7.0) lib/web_console/middleware.rb:20:in `catch'
web-console (3.7.0) lib/web_console/middleware.rb:20:in `call'
actionpack (5.2.3) lib/action_dispatch/middleware/show_exceptions.rb:33:in `call'
railties (5.2.3) lib/rails/rack/logger.rb:38:in `call_app'
railties (5.2.3) lib/rails/rack/logger.rb:26:in `block in call'
activesupport (5.2.3) lib/active_support/tagged_logging.rb:71:in `block in tagged'
activesupport (5.2.3) lib/active_support/tagged_logging.rb:28:in `tagged'
activesupport (5.2.3) lib/active_support/tagged_logging.rb:71:in `tagged'
railties (5.2.3) lib/rails/rack/logger.rb:26:in `call'
sprockets-rails (3.2.1) lib/sprockets/rails/quiet_assets.rb:13:in `call'
actionpack (5.2.3) lib/action_dispatch/middleware/remote_ip.rb:81:in `call'
actionpack (5.2.3) lib/action_dispatch/middleware/request_id.rb:27:in `call'
rack (2.0.7) lib/rack/method_override.rb:22:in `call'
rack (2.0.7) lib/rack/runtime.rb:22:in `call'
activesupport (5.2.3) lib/active_support/cache/strategy/local_cache_middleware.rb:29:in `call'
actionpack (5.2.3) lib/action_dispatch/middleware/executor.rb:14:in `call'
actionpack (5.2.3) lib/action_dispatch/middleware/static.rb:127:in `call'
rack (2.0.7) lib/rack/sendfile.rb:111:in `call'
railties (5.2.3) lib/rails/engine.rb:524:in `call'
puma (3.12.1) lib/puma/configuration.rb:227:in `call'
puma (3.12.1) lib/puma/server.rb:660:in `handle_request'
puma (3.12.1) lib/puma/server.rb:474:in `process_client'
puma (3.12.1) lib/puma/server.rb:334:in `block in run'
puma (3.12.1) lib/puma/thread_pool.rb:135:in `block in spawn_thread'
Started GET "/posts/new" for ::1 at 2019-05-02 00:01:35 -0400
Processing by PostsController#new as HTML
  Rendering posts/new.html.haml within layouts/application
  Rendered posts/_form.html.haml (6.9ms)
  Rendered posts/new.html.haml within layouts/application (22.4ms)
Completed 200 OK in 145ms (Views: 122.0ms | ActiveRecord: 0.8ms)


Started POST "/posts" for ::1 at 2019-05-02 00:01:42 -0400
Processing by PostsController#create as HTML
  Parameters: {"utf8"=>"✓", "authenticity_token"=>"K6mGJrt3f6QekjukUMzW1HOAw1BFrLidQ4dvq28KnCo4tI40zLAnPtcdNtB3HudRrRi3ZC1vjgm6UUeLRoIRug==", "post"=>{"title"=>"yo yo", "content"=>"yo you \r\n"}, "commit"=>"Create Post"}
  [1m[35m (0.1ms)[0m  [1m[36mbegin transaction[0m
  ↳ app/controllers/posts_controller.rb:9
  [1m[36mPost Create (1.3ms)[0m  [1m[32mINSERT INTO "posts" ("title", "content", "created_at", "updated_at") VALUES (?, ?, ?, ?)[0m  [["title", "yo yo"], ["content", "yo you \r\n"], ["created_at", "2019-05-02 04:01:42.560835"], ["updated_at", "2019-05-02 04:01:42.560835"]]
  ↳ app/controllers/posts_controller.rb:9
  [1m[35m (9.4ms)[0m  [1m[36mcommit transaction[0m
  ↳ app/controllers/posts_controller.rb:9
Redirected to http://localhost:3000/posts/2
Completed 302 Found in 16ms (ActiveRecord: 10.8ms)


Started GET "/posts/2" for ::1 at 2019-05-02 00:01:42 -0400
Processing by PostsController#show as HTML
  Parameters: {"id"=>"2"}
  [1m[36mPost Load (0.3ms)[0m  [1m[34mSELECT  "posts".* FROM "posts" WHERE "posts"."id" = ? LIMIT ?[0m  [["id", 2], ["LIMIT", 1]]
  ↳ app/controllers/posts_controller.rb:16
  Rendering posts/show.html.haml within layouts/application
  Rendered posts/show.html.haml within layouts/application (1.8ms)
Completed 200 OK in 130ms (Views: 95.0ms | ActiveRecord: 0.3ms)


Started GET "/posts/2" for ::1 at 2019-05-02 00:06:54 -0400
Processing by PostsController#show as HTML
  Parameters: {"id"=>"2"}
  [1m[36mPost Load (0.2ms)[0m  [1m[34mSELECT  "posts".* FROM "posts" WHERE "posts"."id" = ? LIMIT ?[0m  [["id", 2], ["LIMIT", 1]]
  ↳ app/controllers/posts_controller.rb:34
  Rendering posts/show.html.haml within layouts/application
  Rendered posts/show.html.haml within layouts/application (2.7ms)
Completed 200 OK in 141ms (Views: 111.8ms | ActiveRecord: 1.2ms)


Started GET "/posts/2/edit" for ::1 at 2019-05-02 00:06:56 -0400
Processing by PostsController#edit as HTML
  Parameters: {"id"=>"2"}
  [1m[36mPost Load (0.2ms)[0m  [1m[34mSELECT  "posts".* FROM "posts" WHERE "posts"."id" = ? LIMIT ?[0m  [["id", 2], ["LIMIT", 1]]
  ↳ app/controllers/posts_controller.rb:34
  Rendering posts/edit.html.haml within layouts/application
  Rendered posts/_form.html.haml (7.4ms)
  Rendered posts/edit.html.haml within layouts/application (23.7ms)
Completed 200 OK in 143ms (Views: 125.6ms | ActiveRecord: 0.2ms)


Started PATCH "/posts/2" for ::1 at 2019-05-02 00:07:08 -0400
Processing by PostsController#update as HTML
  Parameters: {"utf8"=>"✓", "authenticity_token"=>"8lK4RpKEAhLmf75kbIwxfMPkPYx+AMKeCUNlOry8ihRU/NzYIpidWUZKa++gofckq0Ptx19DW7PZ/Twfc/cwEw==", "post"=>{"title"=>"yo yo", "content"=>"yo you \r\n"}, "commit"=>"Update Post", "id"=>"2"}
  [1m[36mPost Load (0.2ms)[0m  [1m[34mSELECT  "posts".* FROM "posts" WHERE "posts"."id" = ? LIMIT ?[0m  [["id", 2], ["LIMIT", 1]]
  ↳ app/controllers/posts_controller.rb:34
Completed 500 Internal Server Error in 2ms (ActiveRecord: 0.2ms)


  
ArgumentError (wrong number of arguments (given 0, expected 1)):
  
app/controllers/posts_controller.rb:23:in `update'
Started PATCH "/posts/2" for ::1 at 2019-05-02 00:07:51 -0400
Processing by PostsController#update as HTML
  Parameters: {"utf8"=>"✓", "authenticity_token"=>"8lK4RpKEAhLmf75kbIwxfMPkPYx+AMKeCUNlOry8ihRU/NzYIpidWUZKa++gofckq0Ptx19DW7PZ/Twfc/cwEw==", "post"=>{"title"=>"yo yo", "content"=>"yo you \r\n"}, "commit"=>"Update Post", "id"=>"2"}
  [1m[36mPost Load (0.2ms)[0m  [1m[34mSELECT  "posts".* FROM "posts" WHERE "posts"."id" = ? LIMIT ?[0m  [["id", 2], ["LIMIT", 1]]
  ↳ app/controllers/posts_controller.rb:34
  [1m[35m (0.1ms)[0m  [1m[36mbegin transaction[0m
  ↳ app/controllers/posts_controller.rb:23
  [1m[35m (0.1ms)[0m  [1m[36mcommit transaction[0m
  ↳ app/controllers/posts_controller.rb:23
Redirected to http://localhost:3000/posts/2
Completed 302 Found in 16ms (ActiveRecord: 1.4ms)


Started GET "/posts/2" for ::1 at 2019-05-02 00:07:51 -0400
Processing by PostsController#show as HTML
  Parameters: {"id"=>"2"}
  [1m[36mPost Load (0.2ms)[0m  [1m[34mSELECT  "posts".* FROM "posts" WHERE "posts"."id" = ? LIMIT ?[0m  [["id", 2], ["LIMIT", 1]]
  ↳ app/controllers/posts_controller.rb:34
  Rendering posts/show.html.haml within layouts/application
  Rendered posts/show.html.haml within layouts/application (2.4ms)
Completed 200 OK in 142ms (Views: 122.7ms | ActiveRecord: 0.2ms)


Started GET "/posts/2/edit" for ::1 at 2019-05-02 00:07:52 -0400
Processing by PostsController#edit as HTML
  Parameters: {"id"=>"2"}
  [1m[36mPost Load (0.3ms)[0m  [1m[34mSELECT  "posts".* FROM "posts" WHERE "posts"."id" = ? LIMIT ?[0m  [["id", 2], ["LIMIT", 1]]
  ↳ app/controllers/posts_controller.rb:34
  Rendering posts/edit.html.haml within layouts/application
  Rendered posts/_form.html.haml (7.5ms)
  Rendered posts/edit.html.haml within layouts/application (26.6ms)
Completed 200 OK in 156ms (Views: 134.5ms | ActiveRecord: 0.3ms)


Started PATCH "/posts/2" for ::1 at 2019-05-02 00:07:55 -0400
Processing by PostsController#update as HTML
  Parameters: {"utf8"=>"✓", "authenticity_token"=>"dx2xMhH/i7qj4S9BiTw7A4z6TBP1Vs/ZcXZObshoEZbRs9WsoeMU8QPU+spFEf1b5F2cWNQVVvShyBdLByOrkQ==", "post"=>{"title"=>"yo yo", "content"=>"yo you oi\r\n"}, "commit"=>"Update Post", "id"=>"2"}
  [1m[36mPost Load (0.2ms)[0m  [1m[34mSELECT  "posts".* FROM "posts" WHERE "posts"."id" = ? LIMIT ?[0m  [["id", 2], ["LIMIT", 1]]
  ↳ app/controllers/posts_controller.rb:34
  [1m[35m (0.0ms)[0m  [1m[36mbegin transaction[0m
  ↳ app/controllers/posts_controller.rb:23
  [1m[36mPost Update (5.7ms)[0m  [1m[33mUPDATE "posts" SET "content" = ?, "updated_at" = ? WHERE "posts"."id" = ?[0m  [["content", "yo you oi\r\n"], ["updated_at", "2019-05-02 04:07:55.918437"], ["id", 2]]
  ↳ app/controllers/posts_controller.rb:23
  [1m[35m (9.4ms)[0m  [1m[36mcommit transaction[0m
  ↳ app/controllers/posts_controller.rb:23
Redirected to http://localhost:3000/posts/2
Completed 302 Found in 25ms (ActiveRecord: 15.4ms)


Started GET "/posts/2" for ::1 at 2019-05-02 00:07:55 -0400
Processing by PostsController#show as HTML
  Parameters: {"id"=>"2"}
  [1m[36mPost Load (0.2ms)[0m  [1m[34mSELECT  "posts".* FROM "posts" WHERE "posts"."id" = ? LIMIT ?[0m  [["id", 2], ["LIMIT", 1]]
  ↳ app/controllers/posts_controller.rb:34
  Rendering posts/show.html.haml within layouts/application
  Rendered posts/show.html.haml within layouts/application (2.3ms)
Completed 200 OK in 110ms (Views: 94.9ms | ActiveRecord: 0.2ms)


Started DELETE "/posts/2" for ::1 at 2019-05-02 00:07:58 -0400
Processing by PostsController#destroy as HTML
  Parameters: {"authenticity_token"=>"CDRJ7SX6hSHqoH8PZcmNf8uaSHO74UYdzsRgsBvad64bKUH/Uj3duyMvcntCG7z6FQI8R9MicIk3EkiQMlL6Pg==", "id"=>"2"}
  [1m[36mPost Load (0.2ms)[0m  [1m[34mSELECT  "posts".* FROM "posts" WHERE "posts"."id" = ? LIMIT ?[0m  [["id", 2], ["LIMIT", 1]]
  ↳ app/controllers/posts_controller.rb:34
  [1m[35m (0.1ms)[0m  [1m[36mbegin transaction[0m
  ↳ app/controllers/posts_controller.rb:30
  [1m[36mPost Destroy (1.1ms)[0m  [1m[31mDELETE FROM "posts" WHERE "posts"."id" = ?[0m  [["id", 2]]
  ↳ app/controllers/posts_controller.rb:30
  [1m[35m (9.5ms)[0m  [1m[36mcommit transaction[0m
  ↳ app/controllers/posts_controller.rb:30
Redirected to http://localhost:3000/
Completed 302 Found in 17ms (ActiveRecord: 10.9ms)


Started GET "/" for ::1 at 2019-05-02 00:07:58 -0400
Processing by PostsController#index as HTML
  Rendering posts/index.html.haml within layouts/application
  Rendered posts/index.html.haml within layouts/application (1.6ms)
Completed 200 OK in 115ms (Views: 100.7ms | ActiveRecord: 0.0ms)


Started GET "/" for ::1 at 2019-05-06 22:20:55 -0400
  [1m[35m (0.3ms)[0m  [1m[34mSELECT "schema_migrations"."version" FROM "schema_migrations" ORDER BY "schema_migrations"."version" ASC[0m
  ↳ C:/Ruby25-x64/lib/ruby/gems/2.5.0/gems/activerecord-5.2.3/lib/active_record/log_subscriber.rb:98
Processing by PostsController#index as HTML
  Rendering posts/index.html.haml within layouts/application
  [1m[36mPost Load (0.3ms)[0m  [1m[34mSELECT "posts".* FROM "posts" ORDER BY created_at DESC[0m
  ↳ app/views/posts/index.html.haml:2
  Rendered posts/index.html.haml within layouts/application (77.1ms)
Completed 200 OK in 652ms (Views: 624.3ms | ActiveRecord: 1.1ms)


Started GET "/" for ::1 at 2019-05-06 22:28:58 -0400
Processing by PostsController#index as HTML
  Rendering posts/index.html.haml within layouts/application
  [1m[36mPost Load (0.3ms)[0m  [1m[34mSELECT "posts".* FROM "posts" ORDER BY created_at DESC[0m
  ↳ app/views/posts/index.html.haml:2
  Rendered posts/index.html.haml within layouts/application (5.6ms)
Completed 200 OK in 132ms (Views: 116.1ms | ActiveRecord: 0.3ms)


Started GET "/posts/1" for ::1 at 2019-05-06 22:29:00 -0400
Processing by PostsController#show as HTML
  Parameters: {"id"=>"1"}
  [1m[36mPost Load (0.4ms)[0m  [1m[34mSELECT  "posts".* FROM "posts" WHERE "posts"."id" = ? LIMIT ?[0m  [["id", 1], ["LIMIT", 1]]
  ↳ app/controllers/posts_controller.rb:35
  Rendering posts/show.html.haml within layouts/application
  Rendered posts/show.html.haml within layouts/application (4.0ms)
Completed 200 OK in 169ms (Views: 136.8ms | ActiveRecord: 0.4ms)


Started GET "/" for ::1 at 2019-05-06 22:29:14 -0400
Processing by PostsController#index as HTML
  Rendering posts/index.html.haml within layouts/application
  [1m[36mPost Load (0.3ms)[0m  [1m[34mSELECT "posts".* FROM "posts" ORDER BY created_at DESC[0m
  ↳ app/views/posts/index.html.haml:2
  Rendered posts/index.html.haml within layouts/application (6.1ms)
Completed 200 OK in 135ms (Views: 118.5ms | ActiveRecord: 0.3ms)


Started GET "/" for ::1 at 2019-05-06 22:35:19 -0400
  [1m[35m (0.2ms)[0m  [1m[34mSELECT "schema_migrations"."version" FROM "schema_migrations" ORDER BY "schema_migrations"."version" ASC[0m
  ↳ C:/Ruby25-x64/lib/ruby/gems/2.5.0/gems/activerecord-5.2.3/lib/active_record/log_subscriber.rb:98
Processing by PostsController#index as HTML
  Rendering posts/index.html.haml within layouts/application
  [1m[36mPost Load (0.3ms)[0m  [1m[34mSELECT "posts".* FROM "posts" ORDER BY created_at DESC[0m
  ↳ app/views/posts/index.html.haml:2
  Rendered posts/index.html.haml within layouts/application (39.5ms)
Completed 200 OK in 415ms (Views: 388.5ms | ActiveRecord: 1.1ms)


Started GET "/" for 35.196.227.176 at 2019-05-06 22:36:43 -0400
Cannot render console from 35.196.227.176! Allowed networks: 127.0.0.1, ::1, 127.0.0.0/127.255.255.255
Processing by PostsController#index as HTML
  Rendering posts/index.html.haml within layouts/application
  [1m[36mPost Load (0.3ms)[0m  [1m[34mSELECT "posts".* FROM "posts" ORDER BY created_at DESC[0m
  ↳ app/views/posts/index.html.haml:2
  Rendered posts/index.html.haml within layouts/application (4.4ms)
Completed 200 OK in 132ms (Views: 115.1ms | ActiveRecord: 0.3ms)


Started GET "/" for 24.180.175.30 at 2019-05-06 22:36:50 -0400
Cannot render console from 24.180.175.30! Allowed networks: 127.0.0.1, ::1, 127.0.0.0/127.255.255.255
Processing by PostsController#index as HTML
  Rendering posts/index.html.haml within layouts/application
  [1m[36mPost Load (0.4ms)[0m  [1m[34mSELECT "posts".* FROM "posts" ORDER BY created_at DESC[0m
  ↳ app/views/posts/index.html.haml:2
  Rendered posts/index.html.haml within layouts/application (7.2ms)
Completed 200 OK in 166ms (Views: 149.6ms | ActiveRecord: 0.4ms)


  [1m[35m (0.2ms)[0m  [1m[34mSELECT "schema_migrations"."version" FROM "schema_migrations" ORDER BY "schema_migrations"."version" ASC[0m
  ↳ C:/Ruby25-x64/bin/rake:23
Migrating to DeviseCreateUsers (20190507043820)
  [1m[35m (0.1ms)[0m  [1m[36mbegin transaction[0m
  ↳ C:/Ruby25-x64/bin/rake:23
  [1m[35m (0.1ms)[0m  [1m[34mSELECT sqlite_version(*)[0m
  ↳ db/migrate/20190507043820_devise_create_users.rb:5
  [1m[35m (1.4ms)[0m  [1m[35mCREATE TABLE "users" ("id" integer PRIMARY KEY AUTOINCREMENT NOT NULL, "email" varchar DEFAULT '' NOT NULL, "encrypted_password" varchar DEFAULT '' NOT NULL, "reset_password_token" varchar, "reset_password_sent_at" datetime, "remember_created_at" datetime, "created_at" datetime NOT NULL, "updated_at" datetime NOT NULL)[0m
  ↳ db/migrate/20190507043820_devise_create_users.rb:5
  [1m[35m (0.2ms)[0m  [1m[35mCREATE UNIQUE INDEX "index_users_on_email" ON "users" ("email")[0m
  ↳ db/migrate/20190507043820_devise_create_users.rb:39
  [1m[35m (0.1ms)[0m  [1m[35mCREATE UNIQUE INDEX "index_users_on_reset_password_token" ON "users" ("reset_password_token")[0m
  ↳ db/migrate/20190507043820_devise_create_users.rb:40
  [1m[36mActiveRecord::SchemaMigration Create (0.2ms)[0m  [1m[32mINSERT INTO "schema_migrations" ("version") VALUES (?)[0m  [["version", "20190507043820"]]
  ↳ C:/Ruby25-x64/bin/rake:23
  [1m[35m (8.2ms)[0m  [1m[36mcommit transaction[0m
  ↳ C:/Ruby25-x64/bin/rake:23
Migrating to AddDeviseToUsers (20190507044410)
  [1m[35m (0.1ms)[0m  [1m[36mbegin transaction[0m
  ↳ C:/Ruby25-x64/bin/rake:23
  [1m[35m (0.4ms)[0m  [1m[35mALTER TABLE "users" ADD "email" varchar DEFAULT '' NOT NULL[0m
  ↳ db/migrate/20190507044410_add_devise_to_users.rb:7
  [1m[35m (0.0ms)[0m  [1m[31mrollback transaction[0m
  ↳ C:/Ruby25-x64/bin/rake:23
  [1m[35m (0.2ms)[0m  [1m[34mSELECT "schema_migrations"."version" FROM "schema_migrations" ORDER BY "schema_migrations"."version" ASC[0m
  ↳ C:/Ruby25-x64/bin/rake:23
Migrating to AddDeviseToUsers (20190507044410)
  [1m[35m (0.1ms)[0m  [1m[36mbegin transaction[0m
  ↳ C:/Ruby25-x64/bin/rake:23
  [1m[35m (0.3ms)[0m  [1m[35mALTER TABLE "users" ADD "email" varchar DEFAULT '' NOT NULL[0m
  ↳ db/migrate/20190507044410_add_devise_to_users.rb:7
  [1m[35m (0.0ms)[0m  [1m[31mrollback transaction[0m
  ↳ C:/Ruby25-x64/bin/rake:23
  [1m[35m (0.2ms)[0m  [1m[34mSELECT "schema_migrations"."version" FROM "schema_migrations" ORDER BY "schema_migrations"."version" ASC[0m
  ↳ bin/rails:4
Migrating to AddDeviseToUsers (20190507044410)
  [1m[35m (0.1ms)[0m  [1m[36mbegin transaction[0m
  ↳ bin/rails:4
  [1m[35m (0.3ms)[0m  [1m[35mALTER TABLE "users" ADD "email" varchar DEFAULT '' NOT NULL[0m
  ↳ db/migrate/20190507044410_add_devise_to_users.rb:7
  [1m[35m (0.0ms)[0m  [1m[31mrollback transaction[0m
  ↳ bin/rails:4
  [1m[35m (0.2ms)[0m  [1m[34mSELECT "schema_migrations"."version" FROM "schema_migrations" ORDER BY "schema_migrations"."version" ASC[0m
  ↳ bin/rails:4
Migrating to AddDeviseToUsers (20190507044410)
  [1m[35m (0.1ms)[0m  [1m[36mbegin transaction[0m
  ↳ bin/rails:4
  [1m[35m (0.4ms)[0m  [1m[35mALTER TABLE "users" ADD "email" varchar DEFAULT '' NOT NULL[0m
  ↳ db/migrate/20190507044410_add_devise_to_users.rb:7
  [1m[35m (0.0ms)[0m  [1m[31mrollback transaction[0m
  ↳ bin/rails:4
  [1m[35m (0.2ms)[0m  [1m[34mSELECT "schema_migrations"."version" FROM "schema_migrations" ORDER BY "schema_migrations"."version" ASC[0m
  ↳ bin/rails:4
  [1m[35m (0.3ms)[0m  [1m[34mSELECT "ar_internal_metadata"."value" FROM "ar_internal_metadata" WHERE "ar_internal_metadata"."key" = ?[0m  [["key", "environment"]]
  ↳ bin/rails:4
  [1m[35m (0.1ms)[0m  [1m[34mSELECT "schema_migrations"."version" FROM "schema_migrations" ORDER BY "schema_migrations"."version" ASC[0m
  ↳ bin/rails:4
  [1m[35m (0.1ms)[0m  [1m[34mSELECT "ar_internal_metadata"."value" FROM "ar_internal_metadata" WHERE "ar_internal_metadata"."key" = ?[0m  [["key", "environment"]]
  ↳ bin/rails:4
  [1m[35m (0.1ms)[0m  [1m[34mSELECT "schema_migrations"."version" FROM "schema_migrations" ORDER BY "schema_migrations"."version" ASC[0m
  ↳ bin/rails:4
  [1m[35m (0.1ms)[0m  [1m[34mSELECT "ar_internal_metadata"."value" FROM "ar_internal_metadata" WHERE "ar_internal_metadata"."key" = ?[0m  [["key", "environment"]]
  ↳ bin/rails:4
  [1m[35m (0.3ms)[0m  [1m[34mSELECT "schema_migrations"."version" FROM "schema_migrations" ORDER BY "schema_migrations"."version" ASC[0m
  ↳ bin/rails:4
Migrating to AddDeviseToUsers (20190507044410)
  [1m[35m (0.1ms)[0m  [1m[36mbegin transaction[0m
  ↳ bin/rails:4
  [1m[35m (0.4ms)[0m  [1m[35mALTER TABLE "users" ADD "email" varchar DEFAULT '' NOT NULL[0m
  ↳ db/migrate/20190507044410_add_devise_to_users.rb:7
  [1m[35m (0.0ms)[0m  [1m[31mrollback transaction[0m
  ↳ bin/rails:4
  [1m[35m (0.3ms)[0m  [1m[34mSELECT "schema_migrations"."version" FROM "schema_migrations" ORDER BY "schema_migrations"."version" ASC[0m
  ↳ C:/Ruby25-x64/bin/rake:23
  [1m[35m (0.1ms)[0m  [1m[34mSELECT "schema_migrations"."version" FROM "schema_migrations" ORDER BY "schema_migrations"."version" ASC[0m
  ↳ C:/Ruby25-x64/bin/rake:23
  [1m[35m (0.1ms)[0m  [1m[34mSELECT "schema_migrations"."version" FROM "schema_migrations" ORDER BY "schema_migrations"."version" ASC[0m
  ↳ C:/Ruby25-x64/bin/rake:23
  [1m[35m (0.1ms)[0m  [1m[34mSELECT "schema_migrations"."version" FROM "schema_migrations" ORDER BY "schema_migrations"."version" ASC[0m
  ↳ C:/Ruby25-x64/bin/rake:23
Migrating to DeviseCreateUsers (20190507043820)
  [1m[35m (0.1ms)[0m  [1m[36mbegin transaction[0m
  ↳ C:/Ruby25-x64/bin/rake:23
  [1m[35m (1.3ms)[0m  [1m[35mDROP INDEX "index_users_on_reset_password_token"[0m
  ↳ C:/Ruby25-x64/bin/rake:23
  [1m[35m (0.1ms)[0m  [1m[35mDROP INDEX "index_users_on_email"[0m
  ↳ C:/Ruby25-x64/bin/rake:23
  [1m[35m (0.2ms)[0m  [1m[35mDROP TABLE "users"[0m
  ↳ C:/Ruby25-x64/bin/rake:23
  [1m[36mActiveRecord::SchemaMigration Destroy (0.3ms)[0m  [1m[31mDELETE FROM "schema_migrations" WHERE "schema_migrations"."version" = ?[0m  [["version", "20190507043820"]]
  ↳ C:/Ruby25-x64/bin/rake:23
  [1m[35m (5.4ms)[0m  [1m[36mcommit transaction[0m
  ↳ C:/Ruby25-x64/bin/rake:23
  [1m[35m (0.2ms)[0m  [1m[34mSELECT "schema_migrations"."version" FROM "schema_migrations" ORDER BY "schema_migrations"."version" ASC[0m
  ↳ C:/Ruby25-x64/bin/rake:23
  [1m[35m (0.2ms)[0m  [1m[34mSELECT "schema_migrations"."version" FROM "schema_migrations" ORDER BY "schema_migrations"."version" ASC[0m
  ↳ bin/rails:4
Migrating to DeviseCreateUsers (20190507043820)
  [1m[35m (0.1ms)[0m  [1m[36mbegin transaction[0m
  ↳ bin/rails:4
  [1m[35m (0.1ms)[0m  [1m[34mSELECT sqlite_version(*)[0m
  ↳ db/migrate/20190507043820_devise_create_users.rb:5
  [1m[35m (5.9ms)[0m  [1m[35mCREATE TABLE "users" ("id" integer PRIMARY KEY AUTOINCREMENT NOT NULL, "email" varchar DEFAULT '' NOT NULL, "encrypted_password" varchar DEFAULT '' NOT NULL, "reset_password_token" varchar, "reset_password_sent_at" datetime, "remember_created_at" datetime, "created_at" datetime NOT NULL, "updated_at" datetime NOT NULL)[0m
  ↳ db/migrate/20190507043820_devise_create_users.rb:5
  [1m[35m (0.2ms)[0m  [1m[35mCREATE UNIQUE INDEX "index_users_on_email" ON "users" ("email")[0m
  ↳ db/migrate/20190507043820_devise_create_users.rb:39
  [1m[35m (0.1ms)[0m  [1m[35mCREATE UNIQUE INDEX "index_users_on_reset_password_token" ON "users" ("reset_password_token")[0m
  ↳ db/migrate/20190507043820_devise_create_users.rb:40
  [1m[36mActiveRecord::SchemaMigration Create (0.3ms)[0m  [1m[32mINSERT INTO "schema_migrations" ("version") VALUES (?)[0m  [["version", "20190507043820"]]
  ↳ bin/rails:4
  [1m[35m (10.1ms)[0m  [1m[36mcommit transaction[0m
  ↳ bin/rails:4
Migrating to AddDeviseToUsers (20190507044410)
  [1m[35m (0.1ms)[0m  [1m[36mbegin transaction[0m
  ↳ bin/rails:4
  [1m[35m (0.3ms)[0m  [1m[35mALTER TABLE "users" ADD "email" varchar DEFAULT '' NOT NULL[0m
  ↳ db/migrate/20190507044410_add_devise_to_users.rb:7
  [1m[35m (0.0ms)[0m  [1m[31mrollback transaction[0m
  ↳ bin/rails:4
  [1m[35m (0.3ms)[0m  [1m[34mSELECT "schema_migrations"."version" FROM "schema_migrations" ORDER BY "schema_migrations"."version" ASC[0m
  ↳ bin/rails:4
Migrating to AddDeviseToUsers (20190507044410)
  [1m[35m (0.3ms)[0m  [1m[34mSELECT "schema_migrations"."version" FROM "schema_migrations" ORDER BY "schema_migrations"."version" ASC[0m
  ↳ bin/rails:4
Migrating to AddDeviseToUsers (20190507044410)
  [1m[35m (0.1ms)[0m  [1m[36mbegin transaction[0m
  ↳ bin/rails:4
  [1m[35m (0.4ms)[0m  [1m[35mALTER TABLE "users" ADD "email" varchar DEFAULT '' NOT NULL[0m
  ↳ db/migrate/20190507044410_add_devise_to_users.rb:7
  [1m[35m (0.0ms)[0m  [1m[31mrollback transaction[0m
  ↳ bin/rails:4
  [1m[35m (0.2ms)[0m  [1m[34mSELECT "schema_migrations"."version" FROM "schema_migrations" ORDER BY "schema_migrations"."version" ASC[0m
  ↳ C:/Ruby25-x64/bin/rake:23
  [1m[35m (0.1ms)[0m  [1m[34mSELECT "schema_migrations"."version" FROM "schema_migrations" ORDER BY "schema_migrations"."version" ASC[0m
  ↳ C:/Ruby25-x64/bin/rake:23
  [1m[35m (0.1ms)[0m  [1m[34mSELECT "schema_migrations"."version" FROM "schema_migrations" ORDER BY "schema_migrations"."version" ASC[0m
  ↳ C:/Ruby25-x64/bin/rake:23
  [1m[35m (0.1ms)[0m  [1m[34mSELECT "schema_migrations"."version" FROM "schema_migrations" ORDER BY "schema_migrations"."version" ASC[0m
  ↳ C:/Ruby25-x64/bin/rake:23
Migrating to DeviseCreateUsers (20190507043820)
  [1m[35m (0.1ms)[0m  [1m[36mbegin transaction[0m
  ↳ C:/Ruby25-x64/bin/rake:23
  [1m[35m (5.7ms)[0m  [1m[35mDROP INDEX "index_users_on_reset_password_token"[0m
  ↳ C:/Ruby25-x64/bin/rake:23
  [1m[35m (0.2ms)[0m  [1m[35mDROP INDEX "index_users_on_email"[0m
  ↳ C:/Ruby25-x64/bin/rake:23
  [1m[35m (0.3ms)[0m  [1m[35mDROP TABLE "users"[0m
  ↳ C:/Ruby25-x64/bin/rake:23
  [1m[36mActiveRecord::SchemaMigration Destroy (0.2ms)[0m  [1m[31mDELETE FROM "schema_migrations" WHERE "schema_migrations"."version" = ?[0m  [["version", "20190507043820"]]
  ↳ C:/Ruby25-x64/bin/rake:23
  [1m[35m (9.9ms)[0m  [1m[36mcommit transaction[0m
  ↳ C:/Ruby25-x64/bin/rake:23
  [1m[35m (0.2ms)[0m  [1m[34mSELECT "schema_migrations"."version" FROM "schema_migrations" ORDER BY "schema_migrations"."version" ASC[0m
  ↳ C:/Ruby25-x64/bin/rake:23
  [1m[35m (0.2ms)[0m  [1m[34mSELECT "schema_migrations"."version" FROM "schema_migrations" ORDER BY "schema_migrations"."version" ASC[0m
  ↳ C:/Ruby25-x64/bin/rake:23
Migrating to DeviseCreateUsers (20190507043820)
  [1m[35m (0.1ms)[0m  [1m[36mbegin transaction[0m
  ↳ C:/Ruby25-x64/bin/rake:23
  [1m[35m (0.1ms)[0m  [1m[34mSELECT sqlite_version(*)[0m
  ↳ db/migrate/20190507043820_devise_create_users.rb:5
  [1m[35m (6.0ms)[0m  [1m[35mCREATE TABLE "users" ("id" integer PRIMARY KEY AUTOINCREMENT NOT NULL, "email" varchar DEFAULT '' NOT NULL, "encrypted_password" varchar DEFAULT '' NOT NULL, "reset_password_token" varchar, "reset_password_sent_at" datetime, "remember_created_at" datetime, "created_at" datetime NOT NULL, "updated_at" datetime NOT NULL)[0m
  ↳ db/migrate/20190507043820_devise_create_users.rb:5
  [1m[35m (0.2ms)[0m  [1m[35mCREATE UNIQUE INDEX "index_users_on_email" ON "users" ("email")[0m
  ↳ db/migrate/20190507043820_devise_create_users.rb:39
  [1m[35m (0.1ms)[0m  [1m[35mCREATE UNIQUE INDEX "index_users_on_reset_password_token" ON "users" ("reset_password_token")[0m
  ↳ db/migrate/20190507043820_devise_create_users.rb:40
  [1m[36mActiveRecord::SchemaMigration Create (0.2ms)[0m  [1m[32mINSERT INTO "schema_migrations" ("version") VALUES (?)[0m  [["version", "20190507043820"]]
  ↳ C:/Ruby25-x64/bin/rake:23
  [1m[35m (5.9ms)[0m  [1m[36mcommit transaction[0m
  ↳ C:/Ruby25-x64/bin/rake:23
Migrating to AddDeviseToUsers (20190507044410)
  [1m[35m (0.1ms)[0m  [1m[36mbegin transaction[0m
  ↳ C:/Ruby25-x64/bin/rake:23
  [1m[35m (0.4ms)[0m  [1m[35mALTER TABLE "users" ADD "encrypted_password" varchar DEFAULT '' NOT NULL[0m
  ↳ db/migrate/20190507044410_add_devise_to_users.rb:8
  [1m[35m (0.0ms)[0m  [1m[31mrollback transaction[0m
  ↳ C:/Ruby25-x64/bin/rake:23
  [1m[35m (0.2ms)[0m  [1m[34mSELECT "schema_migrations"."version" FROM "schema_migrations" ORDER BY "schema_migrations"."version" ASC[0m
  ↳ C:/Ruby25-x64/bin/rake:23
Migrating to AddDeviseToUsers (20190507044410)
  [1m[35m (0.1ms)[0m  [1m[36mbegin transaction[0m
  ↳ C:/Ruby25-x64/bin/rake:23
  [1m[35m (0.3ms)[0m  [1m[35mALTER TABLE "users" ADD "reset_password_token" varchar[0m
  ↳ db/migrate/20190507044410_add_devise_to_users.rb:11
  [1m[35m (0.0ms)[0m  [1m[31mrollback transaction[0m
  ↳ C:/Ruby25-x64/bin/rake:23
  [1m[35m (0.3ms)[0m  [1m[34mSELECT "schema_migrations"."version" FROM "schema_migrations" ORDER BY "schema_migrations"."version" ASC[0m
  ↳ C:/Ruby25-x64/bin/rake:23
Migrating to AddDeviseToUsers (20190507044410)
  [1m[35m (0.1ms)[0m  [1m[36mbegin transaction[0m
  ↳ C:/Ruby25-x64/bin/rake:23
  [1m[35m (0.3ms)[0m  [1m[35mALTER TABLE "users" ADD "reset_password_token" varchar[0m
  ↳ db/migrate/20190507044410_add_devise_to_users.rb:11
  [1m[35m (0.0ms)[0m  [1m[31mrollback transaction[0m
  ↳ C:/Ruby25-x64/bin/rake:23
  [1m[35m (0.2ms)[0m  [1m[34mSELECT "schema_migrations"."version" FROM "schema_migrations" ORDER BY "schema_migrations"."version" ASC[0m
  ↳ C:/Ruby25-x64/bin/rake:23
Migrating to AddDeviseToUsers (20190507044410)
  [1m[35m (0.1ms)[0m  [1m[36mbegin transaction[0m
  ↳ C:/Ruby25-x64/bin/rake:23
  [1m[35m (0.4ms)[0m  [1m[35mALTER TABLE "users" ADD "reset_password_token" varchar[0m
  ↳ db/migrate/20190507044410_add_devise_to_users.rb:11
  [1m[35m (0.0ms)[0m  [1m[31mrollback transaction[0m
  ↳ C:/Ruby25-x64/bin/rake:23
  [1m[35m (0.3ms)[0m  [1m[34mSELECT "schema_migrations"."version" FROM "schema_migrations" ORDER BY "schema_migrations"."version" ASC[0m
  ↳ C:/Ruby25-x64/bin/rake:23
Migrating to AddDeviseToUsers (20190507044410)
  [1m[35m (0.1ms)[0m  [1m[36mbegin transaction[0m
  ↳ C:/Ruby25-x64/bin/rake:23
  [1m[35m (0.3ms)[0m  [1m[35mALTER TABLE "users" ADD "reset_password_sent_at" datetime[0m
  ↳ db/migrate/20190507044410_add_devise_to_users.rb:12
  [1m[35m (0.0ms)[0m  [1m[31mrollback transaction[0m
  ↳ C:/Ruby25-x64/bin/rake:23
  [1m[35m (0.3ms)[0m  [1m[34mSELECT "schema_migrations"."version" FROM "schema_migrations" ORDER BY "schema_migrations"."version" ASC[0m
  ↳ C:/Ruby25-x64/bin/rake:23
Migrating to AddDeviseToUsers (20190507044410)
  [1m[35m (0.1ms)[0m  [1m[36mbegin transaction[0m
  ↳ C:/Ruby25-x64/bin/rake:23
  [1m[35m (0.4ms)[0m  [1m[35mALTER TABLE "users" ADD "reset_password_sent_at" datetime[0m
  ↳ db/migrate/20190507044410_add_devise_to_users.rb:12
  [1m[35m (0.0ms)[0m  [1m[31mrollback transaction[0m
  ↳ C:/Ruby25-x64/bin/rake:23
  [1m[35m (0.2ms)[0m  [1m[34mSELECT "schema_migrations"."version" FROM "schema_migrations" ORDER BY "schema_migrations"."version" ASC[0m
  ↳ C:/Ruby25-x64/bin/rake:23
Migrating to AddDeviseToUsers (20190507044410)
  [1m[35m (0.1ms)[0m  [1m[36mbegin transaction[0m
  ↳ C:/Ruby25-x64/bin/rake:23
  [1m[35m (0.4ms)[0m  [1m[35mALTER TABLE "users" ADD "remember_created_at" datetime[0m
  ↳ db/migrate/20190507044410_add_devise_to_users.rb:15
  [1m[35m (0.0ms)[0m  [1m[31mrollback transaction[0m
  ↳ C:/Ruby25-x64/bin/rake:23
  [1m[35m (0.3ms)[0m  [1m[34mSELECT "schema_migrations"."version" FROM "schema_migrations" ORDER BY "schema_migrations"."version" ASC[0m
  ↳ C:/Ruby25-x64/bin/rake:23
Migrating to AddDeviseToUsers (20190507044410)
  [1m[35m (0.1ms)[0m  [1m[36mbegin transaction[0m
  ↳ C:/Ruby25-x64/bin/rake:23
  [1m[36mActiveRecord::SchemaMigration Create (5.6ms)[0m  [1m[32mINSERT INTO "schema_migrations" ("version") VALUES (?)[0m  [["version", "20190507044410"]]
  ↳ C:/Ruby25-x64/bin/rake:23
  [1m[35m (8.5ms)[0m  [1m[36mcommit transaction[0m
  ↳ C:/Ruby25-x64/bin/rake:23
  [1m[36mActiveRecord::InternalMetadata Load (0.3ms)[0m  [1m[34mSELECT  "ar_internal_metadata".* FROM "ar_internal_metadata" WHERE "ar_internal_metadata"."key" = ? LIMIT ?[0m  [["key", "environment"], ["LIMIT", 1]]
  ↳ C:/Ruby25-x64/bin/rake:23
  [1m[35m (0.1ms)[0m  [1m[36mbegin transaction[0m
  ↳ C:/Ruby25-x64/bin/rake:23
  [1m[35m (0.1ms)[0m  [1m[36mcommit transaction[0m
  ↳ C:/Ruby25-x64/bin/rake:23
  [1m[35m (0.1ms)[0m  [1m[34mSELECT "schema_migrations"."version" FROM "schema_migrations" ORDER BY "schema_migrations"."version" ASC[0m
  ↳ C:/Ruby25-x64/bin/rake:23
Started GET "/" for ::1 at 2019-05-07 01:56:53 -0400
  [1m[35m (0.3ms)[0m  [1m[34mSELECT "schema_migrations"."version" FROM "schema_migrations" ORDER BY "schema_migrations"."version" ASC[0m
  ↳ C:/Ruby25-x64/lib/ruby/gems/2.5.0/gems/activerecord-5.2.3/lib/active_record/log_subscriber.rb:98
Processing by PostsController#index as HTML
  Rendering posts/index.html.haml within layouts/application
  [1m[36mPost Load (0.3ms)[0m  [1m[34mSELECT "posts".* FROM "posts" ORDER BY created_at DESC[0m
  ↳ app/views/posts/index.html.haml:2
  Rendered posts/index.html.haml within layouts/application (115.3ms)
Completed 200 OK in 769ms (Views: 738.6ms | ActiveRecord: 1.4ms)


Started GET "/" for 24.180.175.30 at 2019-05-07 01:57:48 -0400
Cannot render console from 24.180.175.30! Allowed networks: 127.0.0.1, ::1, 127.0.0.0/127.255.255.255
Processing by PostsController#index as HTML
  Rendering posts/index.html.haml within layouts/application
  [1m[36mPost Load (0.3ms)[0m  [1m[34mSELECT "posts".* FROM "posts" ORDER BY created_at DESC[0m
  ↳ app/views/posts/index.html.haml:2
  Rendered posts/index.html.haml within layouts/application (3.9ms)
Completed 200 OK in 126ms (Views: 108.8ms | ActiveRecord: 0.3ms)


Started GET "/" for 24.180.175.30 at 2019-05-07 01:57:52 -0400
Cannot render console from 24.180.175.30! Allowed networks: 127.0.0.1, ::1, 127.0.0.0/127.255.255.255
Processing by PostsController#index as HTML
  Rendering posts/index.html.haml within layouts/application
  [1m[36mPost Load (0.3ms)[0m  [1m[34mSELECT "posts".* FROM "posts" ORDER BY created_at DESC[0m
  ↳ app/views/posts/index.html.haml:2
  Rendered posts/index.html.haml within layouts/application (3.8ms)
Completed 200 OK in 107ms (Views: 93.6ms | ActiveRecord: 0.3ms)


Started GET "/users/sign_up" for ::1 at 2019-05-07 02:08:29 -0400
  [1m[35m (0.3ms)[0m  [1m[34mSELECT "schema_migrations"."version" FROM "schema_migrations" ORDER BY "schema_migrations"."version" ASC[0m
  ↳ C:/Ruby25-x64/lib/ruby/gems/2.5.0/gems/activerecord-5.2.3/lib/active_record/log_subscriber.rb:98
Processing by Devise::RegistrationsController#new as HTML
  Rendering C:/Ruby25-x64/lib/ruby/gems/2.5.0/gems/devise-4.6.2/app/views/devise/registrations/new.html.erb within layouts/application
  Rendered C:/Ruby25-x64/lib/ruby/gems/2.5.0/gems/devise-4.6.2/app/views/devise/shared/_error_messages.html.erb (0.7ms)
  Rendered C:/Ruby25-x64/lib/ruby/gems/2.5.0/gems/devise-4.6.2/app/views/devise/shared/_links.html.erb (1.0ms)
  Rendered C:/Ruby25-x64/lib/ruby/gems/2.5.0/gems/devise-4.6.2/app/views/devise/registrations/new.html.erb within layouts/application (178.7ms)
Completed 200 OK in 652ms (Views: 639.2ms | ActiveRecord: 1.0ms)


Started POST "/users" for ::1 at 2019-05-07 02:09:02 -0400
Processing by Devise::RegistrationsController#create as HTML
  Parameters: {"utf8"=>"✓", "authenticity_token"=>"iTbMNao1ApDN5cs+LuRp39F2at3pVqUy4w6RLMdx1SSaK8Qn3fJaCgRqxkoJNlhaD+4e6YGVk6Ya2LkM7vlYtA==", "user"=>{"email"=>"kmcneillaguinaga@gmail.com", "password"=>"[FILTERED]", "password_confirmation"=>"[FILTERED]"}, "commit"=>"Sign up"}
  [1m[35m (0.1ms)[0m  [1m[36mbegin transaction[0m
  ↳ C:/Ruby25-x64/lib/ruby/gems/2.5.0/gems/activerecord-5.2.3/lib/active_record/log_subscriber.rb:98
  [1m[36mUser Exists (0.2ms)[0m  [1m[34mSELECT  1 AS one FROM "users" WHERE "users"."email" = ? LIMIT ?[0m  [["email", "kmcneillaguinaga@gmail.com"], ["LIMIT", 1]]
  ↳ C:/Ruby25-x64/lib/ruby/gems/2.5.0/gems/activerecord-5.2.3/lib/active_record/log_subscriber.rb:98
  [1m[36mUser Create (1.6ms)[0m  [1m[32mINSERT INTO "users" ("email", "encrypted_password", "created_at", "updated_at") VALUES (?, ?, ?, ?)[0m  [["email", "kmcneillaguinaga@gmail.com"], ["encrypted_password", "$2a$11$qG9qMHViTelDVc/rwhgJQu/JiIyDpyRBLj2XAuVI1anZqS0vYZs/S"], ["created_at", "2019-05-07 06:09:02.808190"], ["updated_at", "2019-05-07 06:09:02.808190"]]
  ↳ C:/Ruby25-x64/lib/ruby/gems/2.5.0/gems/activerecord-5.2.3/lib/active_record/log_subscriber.rb:98
  [1m[35m (9.8ms)[0m  [1m[36mcommit transaction[0m
  ↳ C:/Ruby25-x64/lib/ruby/gems/2.5.0/gems/activerecord-5.2.3/lib/active_record/log_subscriber.rb:98
Redirected to http://localhost:3000/
Completed 302 Found in 309ms (ActiveRecord: 11.7ms)


Started GET "/" for ::1 at 2019-05-07 02:09:02 -0400
Processing by PostsController#index as HTML
  Rendering posts/index.html.haml within layouts/application
  [1m[36mPost Load (0.3ms)[0m  [1m[34mSELECT "posts".* FROM "posts" ORDER BY created_at DESC[0m
  ↳ app/views/posts/index.html.haml:2
  Rendered posts/index.html.haml within layouts/application (20.1ms)
Completed 200 OK in 145ms (Views: 127.4ms | ActiveRecord: 1.1ms)


Started GET "/" for ::1 at 2019-05-07 02:57:54 -0400
  [1m[35m (0.2ms)[0m  [1m[34mSELECT "schema_migrations"."version" FROM "schema_migrations" ORDER BY "schema_migrations"."version" ASC[0m
  ↳ C:/Ruby25-x64/lib/ruby/gems/2.5.0/gems/activerecord-5.2.3/lib/active_record/log_subscriber.rb:98
Processing by PostsController#index as HTML
  Rendering posts/index.html.haml within layouts/application
  [1m[36mPost Load (0.3ms)[0m  [1m[34mSELECT "posts".* FROM "posts" ORDER BY created_at DESC[0m
  ↳ app/views/posts/index.html.haml:2
  Rendered posts/index.html.haml within layouts/application (39.2ms)
Completed 200 OK in 419ms (Views: 394.5ms | ActiveRecord: 1.2ms)


Started GET "/posts/1" for ::1 at 2019-05-07 02:57:57 -0400
Processing by PostsController#show as HTML
  Parameters: {"id"=>"1"}
  [1m[36mPost Load (0.3ms)[0m  [1m[34mSELECT  "posts".* FROM "posts" WHERE "posts"."id" = ? LIMIT ?[0m  [["id", 1], ["LIMIT", 1]]
  ↳ app/controllers/posts_controller.rb:35
  Rendering posts/show.html.haml within layouts/application
  Rendered posts/show.html.haml within layouts/application (2.3ms)
Completed 200 OK in 142ms (Views: 117.5ms | ActiveRecord: 0.3ms)


Started GET "/" for ::1 at 2019-05-07 02:58:02 -0400
Processing by PostsController#index as HTML
  Rendering posts/index.html.haml within layouts/application
  [1m[36mPost Load (0.3ms)[0m  [1m[34mSELECT "posts".* FROM "posts" ORDER BY created_at DESC[0m
  ↳ app/views/posts/index.html.haml:2
  Rendered posts/index.html.haml within layouts/application (3.8ms)
Completed 200 OK in 125ms (Views: 107.4ms | ActiveRecord: 0.3ms)


Started GET "/users/sign_up" for ::1 at 2019-05-07 02:58:10 -0400
Processing by Devise::RegistrationsController#new as HTML
  [1m[36mUser Load (0.2ms)[0m  [1m[34mSELECT  "users".* FROM "users" WHERE "users"."id" = ? ORDER BY "users"."id" ASC LIMIT ?[0m  [["id", 1], ["LIMIT", 1]]
  ↳ C:/Ruby25-x64/lib/ruby/gems/2.5.0/gems/activerecord-5.2.3/lib/active_record/log_subscriber.rb:98
Redirected to http://localhost:3000/
Filter chain halted as :require_no_authentication rendered or redirected
Completed 302 Found in 10ms (ActiveRecord: 0.9ms)


Started GET "/" for ::1 at 2019-05-07 02:58:10 -0400
Processing by PostsController#index as HTML
  Rendering posts/index.html.haml within layouts/application
  [1m[36mPost Load (0.3ms)[0m  [1m[34mSELECT "posts".* FROM "posts" ORDER BY created_at DESC[0m
  ↳ app/views/posts/index.html.haml:2
  Rendered posts/index.html.haml within layouts/application (3.7ms)
Completed 200 OK in 126ms (Views: 107.6ms | ActiveRecord: 0.3ms)


Started GET "/" for ::1 at 2019-05-07 03:33:26 -0400
  [1m[35m (0.3ms)[0m  [1m[34mSELECT "schema_migrations"."version" FROM "schema_migrations" ORDER BY "schema_migrations"."version" ASC[0m
  ↳ C:/Ruby25-x64/lib/ruby/gems/2.5.0/gems/activerecord-5.2.3/lib/active_record/log_subscriber.rb:98
Processing by PostsController#index as HTML
  Rendering posts/index.html.haml within layouts/application
  [1m[36mPost Load (0.3ms)[0m  [1m[34mSELECT "posts".* FROM "posts" ORDER BY created_at DESC[0m
  ↳ app/views/posts/index.html.haml:2
  Rendered posts/index.html.haml within layouts/application (39.0ms)
Completed 200 OK in 468ms (Views: 421.4ms | ActiveRecord: 1.0ms)


Started GET "/posts/1" for ::1 at 2019-05-07 03:33:29 -0400
Processing by PostsController#show as HTML
  Parameters: {"id"=>"1"}
  [1m[36mPost Load (0.3ms)[0m  [1m[34mSELECT  "posts".* FROM "posts" WHERE "posts"."id" = ? LIMIT ?[0m  [["id", 1], ["LIMIT", 1]]
  ↳ app/controllers/posts_controller.rb:35
  Rendering posts/show.html.haml within layouts/application
  Rendered posts/show.html.haml within layouts/application (2.1ms)
Completed 200 OK in 128ms (Views: 104.6ms | ActiveRecord: 0.3ms)


  [1m[35m (0.2ms)[0m  [1m[34mSELECT "schema_migrations"."version" FROM "schema_migrations" ORDER BY "schema_migrations"."version" ASC[0m
  ↳ C:/Ruby25-x64/bin/rake:23
Migrating to AddUserIdToPosts (20190507073417)
  [1m[35m (0.0ms)[0m  [1m[36mbegin transaction[0m
  ↳ C:/Ruby25-x64/bin/rake:23
  [1m[35m (1.3ms)[0m  [1m[35mALTER TABLE "posts" ADD "user_id" integer[0m
  ↳ db/migrate/20190507073417_add_user_id_to_posts.rb:3
  [1m[36mActiveRecord::SchemaMigration Create (0.2ms)[0m  [1m[32mINSERT INTO "schema_migrations" ("version") VALUES (?)[0m  [["version", "20190507073417"]]
  ↳ C:/Ruby25-x64/bin/rake:23
  [1m[35m (8.2ms)[0m  [1m[36mcommit transaction[0m
  ↳ C:/Ruby25-x64/bin/rake:23
  [1m[36mActiveRecord::InternalMetadata Load (0.2ms)[0m  [1m[34mSELECT  "ar_internal_metadata".* FROM "ar_internal_metadata" WHERE "ar_internal_metadata"."key" = ? LIMIT ?[0m  [["key", "environment"], ["LIMIT", 1]]
  ↳ C:/Ruby25-x64/bin/rake:23
  [1m[35m (0.0ms)[0m  [1m[36mbegin transaction[0m
  ↳ C:/Ruby25-x64/bin/rake:23
  [1m[35m (0.0ms)[0m  [1m[36mcommit transaction[0m
  ↳ C:/Ruby25-x64/bin/rake:23
  [1m[35m (0.2ms)[0m  [1m[34mSELECT "schema_migrations"."version" FROM "schema_migrations" ORDER BY "schema_migrations"."version" ASC[0m
  ↳ C:/Ruby25-x64/bin/rake:23
  [1m[36mPost Load (0.2ms)[0m  [1m[34mSELECT  "posts".* FROM "posts" ORDER BY "posts"."id" ASC LIMIT ?[0m  [["LIMIT", 1]]
Started GET "/" for ::1 at 2019-05-07 03:35:57 -0400
  [1m[35m (0.2ms)[0m  [1m[34mSELECT "schema_migrations"."version" FROM "schema_migrations" ORDER BY "schema_migrations"."version" ASC[0m
  ↳ C:/Ruby25-x64/lib/ruby/gems/2.5.0/gems/activerecord-5.2.3/lib/active_record/log_subscriber.rb:98
Processing by PostsController#index as HTML
  Rendering posts/index.html.haml within layouts/application
  [1m[36mPost Load (0.3ms)[0m  [1m[34mSELECT "posts".* FROM "posts" ORDER BY created_at DESC[0m
  ↳ app/views/posts/index.html.haml:2
  Rendered posts/index.html.haml within layouts/application (9.5ms)
Completed 200 OK in 134ms (Views: 111.8ms | ActiveRecord: 1.1ms)


Started GET "/posts/new" for ::1 at 2019-05-07 03:35:58 -0400
Processing by PostsController#new as HTML
  [1m[36mUser Load (0.2ms)[0m  [1m[34mSELECT  "users".* FROM "users" WHERE "users"."id" = ? ORDER BY "users"."id" ASC LIMIT ?[0m  [["id", 1], ["LIMIT", 1]]
  ↳ app/controllers/posts_controller.rb:6
  Rendering posts/new.html.haml within layouts/application
  Rendered posts/_form.html.haml (231.1ms)
  Rendered posts/new.html.haml within layouts/application (250.4ms)
Completed 200 OK in 452ms (Views: 354.3ms | ActiveRecord: 1.0ms)


Started POST "/posts" for ::1 at 2019-05-07 03:36:05 -0400
Processing by PostsController#create as HTML
  Parameters: {"utf8"=>"✓", "authenticity_token"=>"dBJ2ki0PuXTlaADF77eI3u/u4E8h4up2fcn6YRhEuCJNi5s+kQFzBktcoMqY4U1PstFPO5xevqTr2rkaLzb+Sg==", "post"=>{"title"=>"heya", "content"=>"heyafad"}, "commit"=>"Create Post"}
  [1m[36mUser Load (0.2ms)[0m  [1m[34mSELECT  "users".* FROM "users" WHERE "users"."id" = ? ORDER BY "users"."id" ASC LIMIT ?[0m  [["id", 1], ["LIMIT", 1]]
  ↳ app/controllers/posts_controller.rb:9
  [1m[35m (0.0ms)[0m  [1m[36mbegin transaction[0m
  ↳ app/controllers/posts_controller.rb:10
  [1m[36mPost Create (1.2ms)[0m  [1m[32mINSERT INTO "posts" ("title", "content", "created_at", "updated_at", "user_id") VALUES (?, ?, ?, ?, ?)[0m  [["title", "heya"], ["content", "heyafad"], ["created_at", "2019-05-07 07:36:05.435597"], ["updated_at", "2019-05-07 07:36:05.435597"], ["user_id", 1]]
  ↳ app/controllers/posts_controller.rb:10
  [1m[35m (8.9ms)[0m  [1m[36mcommit transaction[0m
  ↳ app/controllers/posts_controller.rb:10
Redirected to http://localhost:3000/posts/3
Completed 302 Found in 19ms (ActiveRecord: 10.4ms)


Started GET "/posts/3" for ::1 at 2019-05-07 03:36:05 -0400
Processing by PostsController#show as HTML
  Parameters: {"id"=>"3"}
  [1m[36mPost Load (0.3ms)[0m  [1m[34mSELECT  "posts".* FROM "posts" WHERE "posts"."id" = ? LIMIT ?[0m  [["id", 3], ["LIMIT", 1]]
  ↳ app/controllers/posts_controller.rb:35
  Rendering posts/show.html.haml within layouts/application
  Rendered posts/show.html.haml within layouts/application (2.3ms)
Completed 200 OK in 135ms (Views: 115.3ms | ActiveRecord: 0.3ms)


Started GET "/" for ::1 at 2019-05-07 03:36:08 -0400
Processing by PostsController#index as HTML
  Rendering posts/index.html.haml within layouts/application
  [1m[36mPost Load (0.3ms)[0m  [1m[34mSELECT "posts".* FROM "posts" ORDER BY created_at DESC[0m
  ↳ app/views/posts/index.html.haml:2
  Rendered posts/index.html.haml within layouts/application (4.4ms)
Completed 200 OK in 131ms (Views: 113.0ms | ActiveRecord: 0.3ms)


Started GET "/posts/3" for ::1 at 2019-05-07 03:36:11 -0400
Processing by PostsController#show as HTML
  Parameters: {"id"=>"3"}
  [1m[36mPost Load (0.2ms)[0m  [1m[34mSELECT  "posts".* FROM "posts" WHERE "posts"."id" = ? LIMIT ?[0m  [["id", 3], ["LIMIT", 1]]
  ↳ app/controllers/posts_controller.rb:35
  Rendering posts/show.html.haml within layouts/application
  Rendered posts/show.html.haml within layouts/application (2.1ms)
Completed 200 OK in 125ms (Views: 106.5ms | ActiveRecord: 0.2ms)


  [1m[36mPost Load (0.3ms)[0m  [1m[34mSELECT  "posts".* FROM "posts" ORDER BY "posts"."id" DESC LIMIT ?[0m  [["LIMIT", 1]]
  [1m[36mPost Load (0.2ms)[0m  [1m[34mSELECT  "posts".* FROM "posts" ORDER BY "posts"."id" ASC LIMIT ?[0m  [["LIMIT", 1]]
  [1m[35m (0.1ms)[0m  [1m[36mbegin transaction[0m
  [1m[36mUser Load (0.2ms)[0m  [1m[34mSELECT  "users".* FROM "users" WHERE "users"."id" = ? LIMIT ?[0m  [["id", 1], ["LIMIT", 1]]
  [1m[36mPost Update (5.6ms)[0m  [1m[33mUPDATE "posts" SET "updated_at" = ?, "user_id" = ? WHERE "posts"."id" = ?[0m  [["updated_at", "2019-05-07 07:42:22.107094"], ["user_id", 1], ["id", 1]]
  [1m[35m (8.4ms)[0m  [1m[36mcommit transaction[0m
  [1m[36mPost Load (0.3ms)[0m  [1m[34mSELECT  "posts".* FROM "posts" LIMIT ?[0m  [["LIMIT", 11]]
Started GET "/posts/3" for ::1 at 2019-05-07 03:46:23 -0400
Processing by PostsController#show as HTML
  Parameters: {"id"=>"3"}
  [1m[36mPost Load (0.3ms)[0m  [1m[34mSELECT  "posts".* FROM "posts" WHERE "posts"."id" = ? LIMIT ?[0m  [["id", 3], ["LIMIT", 1]]
  ↳ app/controllers/posts_controller.rb:35
  Rendering posts/show.html.haml within layouts/application
  Rendered posts/show.html.haml within layouts/application (2.3ms)
Completed 200 OK in 125ms (Views: 106.0ms | ActiveRecord: 0.3ms)


Started GET "/posts/3" for ::1 at 2019-05-07 03:46:24 -0400
Processing by PostsController#show as HTML
  Parameters: {"id"=>"3"}
  [1m[36mPost Load (0.2ms)[0m  [1m[34mSELECT  "posts".* FROM "posts" WHERE "posts"."id" = ? LIMIT ?[0m  [["id", 3], ["LIMIT", 1]]
  ↳ app/controllers/posts_controller.rb:35
  Rendering posts/show.html.haml within layouts/application
  Rendered posts/show.html.haml within layouts/application (2.3ms)
Completed 200 OK in 129ms (Views: 108.4ms | ActiveRecord: 0.2ms)


Started GET "/" for ::1 at 2019-05-07 03:46:27 -0400
Processing by PostsController#index as HTML
  Rendering posts/index.html.haml within layouts/application
  [1m[36mPost Load (0.3ms)[0m  [1m[34mSELECT "posts".* FROM "posts" ORDER BY created_at DESC[0m
  ↳ app/views/posts/index.html.haml:2
  [1m[36mUser Load (0.3ms)[0m  [1m[34mSELECT  "users".* FROM "users" WHERE "users"."id" = ? LIMIT ?[0m  [["id", 1], ["LIMIT", 1]]
  ↳ app/views/posts/index.html.haml:7
  [1m[36mCACHE User Load (0.0ms)[0m  [1m[34mSELECT  "users".* FROM "users" WHERE "users"."id" = ? LIMIT ?[0m  [["id", 1], ["LIMIT", 1]]
  ↳ app/views/posts/index.html.haml:7
  Rendered posts/index.html.haml within layouts/application (9.8ms)
Completed 200 OK in 134ms (Views: 116.0ms | ActiveRecord: 0.6ms)


